# JRE version: OpenJDK Runtime Environment (11.0.13) (build 11.0.13+0-b1751.21-8125866)
# Java VM: OpenJDK 64-Bit Server VM (11.0.13+0-b1751.21-8125866, mixed mode, tiered, compressed oops, g1 gc, bsd-amd64)
Heap:
 garbage-first heap   total 262144K, used 130676K [0x0000000780000000, 0x0000000800000000)
  region size 1024K, 92 young (94208K), 10 survivors (10240K)
 Metaspace       used 41220K, capacity 42385K, committed 42540K, reserved 1085440K
  class space    used 5412K, capacity 5906K, committed 6016K, reserved 1048576K
GC Heap History (12 events):
Event: 0.550 GC heap before
{Heap before GC invocations=0 (full 0):
 garbage-first heap   total 262144K, used 23552K [0x0000000780000000, 0x0000000800000000)
  region size 1024K, 24 young (24576K), 0 survivors (0K)
 Metaspace       used 7165K, capacity 7277K, committed 7680K, reserved 1056768K
  class space    used 608K, capacity 657K, committed 768K, reserved 1048576K
}
Event: 0.553 GC heap after
{Heap after GC invocations=1 (full 0):
 garbage-first heap   total 262144K, used 4055K [0x0000000780000000, 0x0000000800000000)
  region size 1024K, 3 young (3072K), 3 survivors (3072K)
 Metaspace       used 7165K, capacity 7277K, committed 7680K, reserved 1056768K
  class space    used 608K, capacity 657K, committed 768K, reserved 1048576K
}
Event: 2.078 GC heap before
{Heap before GC invocations=1 (full 0):
 garbage-first heap   total 262144K, used 161751K [0x0000000780000000, 0x0000000800000000)
  region size 1024K, 153 young (156672K), 3 survivors (3072K)
 Metaspace       used 19223K, capacity 19560K, committed 19840K, reserved 1067008K
  class space    used 2212K, capacity 2335K, committed 2432K, reserved 1048576K
}
Event: 2.088 GC heap after
{Heap after GC invocations=2 (full 0):
 garbage-first heap   total 262144K, used 19126K [0x0000000780000000, 0x0000000800000000)
  region size 1024K, 14 young (14336K), 14 survivors (14336K)
 Metaspace       used 19223K, capacity 19560K, committed 19840K, reserved 1067008K
  class space    used 2212K, capacity 2335K, committed 2432K, reserved 1048576K
}
Event: 2.231 GC heap before
{Heap before GC invocations=2 (full 0):
 garbage-first heap   total 262144K, used 32438K [0x0000000780000000, 0x0000000800000000)
  region size 1024K, 28 young (28672K), 14 survivors (14336K)
 Metaspace       used 20779K, capacity 21189K, committed 21248K, reserved 1069056K
  class space    used 2411K, capacity 2559K, committed 2560K, reserved 1048576K
}
Event: 2.240 GC heap after
{Heap after GC invocations=3 (full 0):
 garbage-first heap   total 262144K, used 19821K [0x0000000780000000, 0x0000000800000000)
  region size 1024K, 1 young (1024K), 1 survivors (1024K)
 Metaspace       used 20779K, capacity 21189K, committed 21248K, reserved 1069056K
  class space    used 2411K, capacity 2559K, committed 2560K, reserved 1048576K
}
Event: 3.024 GC heap before
{Heap before GC invocations=4 (full 0):
 garbage-first heap   total 262144K, used 107885K [0x0000000780000000, 0x0000000800000000)
  region size 1024K, 87 young (89088K), 1 survivors (1024K)
 Metaspace       used 26021K, capacity 26667K, committed 26880K, reserved 1073152K
  class space    used 3270K, capacity 3520K, committed 3584K, reserved 1048576K
}
Event: 3.027 GC heap after
{Heap after GC invocations=5 (full 0):
 garbage-first heap   total 262144K, used 21111K [0x0000000780000000, 0x0000000800000000)
  region size 1024K, 3 young (3072K), 3 survivors (3072K)
 Metaspace       used 26021K, capacity 26667K, committed 26880K, reserved 1073152K
  class space    used 3270K, capacity 3520K, committed 3584K, reserved 1048576K
}
Event: 6.989 GC heap before
{Heap before GC invocations=5 (full 0):
 garbage-first heap   total 262144K, used 170615K [0x0000000780000000, 0x0000000800000000)
  region size 1024K, 131 young (134144K), 3 survivors (3072K)
 Metaspace       used 34175K, capacity 35143K, committed 35328K, reserved 1079296K
  class space    used 4454K, capacity 4840K, committed 4864K, reserved 1048576K
}
Event: 6.995 GC heap after
{Heap after GC invocations=6 (full 0):
 garbage-first heap   total 262144K, used 48424K [0x0000000780000000, 0x0000000800000000)
  region size 1024K, 11 young (11264K), 11 survivors (11264K)
 Metaspace       used 34175K, capacity 35143K, committed 35328K, reserved 1079296K
  class space    used 4454K, capacity 4840K, committed 4864K, reserved 1048576K
}
Event: 7.040 GC heap before
{Heap before GC invocations=6 (full 0):
 garbage-first heap   total 262144K, used 51496K [0x0000000780000000, 0x0000000800000000)
  region size 1024K, 15 young (15360K), 11 survivors (11264K)
 Metaspace       used 34478K, capacity 35431K, committed 35628K, reserved 1079296K
  class space    used 4477K, capacity 4872K, committed 4992K, reserved 1048576K
}
Event: 7.050 GC heap after
{Heap after GC invocations=7 (full 0):
 garbage-first heap   total 262144K, used 48756K [0x0000000780000000, 0x0000000800000000)
  region size 1024K, 10 young (10240K), 10 survivors (10240K)
 Metaspace       used 34478K, capacity 35431K, committed 35628K, reserved 1079296K
  class space    used 4477K, capacity 4872K, committed 4992K, reserved 1048576K
}

